<?xml version="1.0" encoding="UTF-8"?>
<testng-results ignored="0" total="1" passed="1" failed="0" skipped="0">
  <reporter-output>
  </reporter-output>
  <suite started-at="2024-07-19T18:18:25 IST" name="Default suite" finished-at="2024-07-19T18:18:50 IST" duration-ms="24590">
    <groups>
    </groups>
    <test started-at="2024-07-19T18:18:25 IST" name="Default test" finished-at="2024-07-19T18:18:50 IST" duration-ms="24590">
      <class name="New.VerifyGrade">
        <test-method is-config="true" signature="configBS()[pri:0, instance:New.VerifyGrade@595b007d]" started-at="2024-07-19T18:18:24 IST" name="configBS" finished-at="2024-07-19T18:18:25 IST" duration-ms="693" status="PASS">
          <reporter-output>
          </reporter-output>
        </test-method> <!-- configBS -->
        <test-method is-config="true" signature="configBC()[pri:0, instance:New.VerifyGrade@595b007d]" started-at="2024-07-19T18:18:25 IST" name="configBC" finished-at="2024-07-19T18:18:29 IST" duration-ms="4235" status="PASS">
          <reporter-output>
          </reporter-output>
        </test-method> <!-- configBC -->
        <test-method is-config="true" signature="configBM()[pri:0, instance:New.VerifyGrade@595b007d]" started-at="2024-07-19T18:18:29 IST" name="configBM" finished-at="2024-07-19T18:18:31 IST" duration-ms="2268" status="PASS">
          <reporter-output>
          </reporter-output>
        </test-method> <!-- configBM -->
        <test-method signature="gradeverification()[pri:0, instance:New.VerifyGrade@595b007d]" started-at="2024-07-19T18:18:31 IST" name="gradeverification" finished-at="2024-07-19T18:18:49 IST" duration-ms="17452" status="PASS">
          <reporter-output>
          </reporter-output>
        </test-method> <!-- gradeverification -->
        <test-method is-config="true" signature="configAM()[pri:0, instance:New.VerifyGrade@595b007d]" started-at="2024-07-19T18:18:49 IST" name="configAM" finished-at="2024-07-19T18:18:49 IST" duration-ms="1" status="PASS">
          <reporter-output>
          </reporter-output>
        </test-method> <!-- configAM -->
        <test-method is-config="true" signature="configAC()[pri:0, instance:New.VerifyGrade@595b007d]" started-at="2024-07-19T18:18:49 IST" name="configAC" finished-at="2024-07-19T18:18:50 IST" duration-ms="587" status="PASS">
          <reporter-output>
          </reporter-output>
        </test-method> <!-- configAC -->
        <test-method is-config="true" signature="configAS()[pri:0, instance:New.VerifyGrade@595b007d]" started-at="2024-07-19T18:18:50 IST" name="configAS" finished-at="2024-07-19T18:18:50 IST" duration-ms="11" status="PASS">
          <reporter-output>
          </reporter-output>
        </test-method> <!-- configAS -->
      </class> <!-- New.VerifyGrade -->
    </test> <!-- Default test -->
  </suite> <!-- Default suite -->
</testng-results>
